<?xml version="1.0" encoding="UTF-8"?>
<!-- Generated by org.testng.reporters.JUnitReportReporter -->
<testsuite hostname="Prarthan" failures="0" tests="1" name="TestScripts.WishList" time="14.392" errors="0" timestamp="2024-07-26T11:30:33 IST" skipped="0">
  <testcase classname="TestScripts.WishList" name="Verify_user_is_able_To_Add_Product_To_Wishlist" time="14.392"/>
  <system-out>
    <![CDATA[Book Page Successfully
Fiction Page Successfully
Wishlist Page Successfully]]>
  </system-out>
</testsuite> <!-- TestScripts.WishList -->
